#
# A fatal error has been detected by the Java Runtime Environment:
#
#  SIGSEGV (0xb) at pc=0x000000010b752b84, pid=5695, tid=5891
#
# JRE version: Java(TM) SE Runtime Environment 18.9 (11.0.8+10) (build 11.0.8+10-LTS)
# Java VM: Java HotSpot(TM) 64-Bit Server VM 18.9 (11.0.8+10-LTS, mixed mode, tiered, compressed oops, g1 gc, bsd-amd64)
# Problematic frame:
# V  [libjvm.dylib+0x752b84]  EnableIf<HasDecorator<1097844ull, MO_UNORDERED>::value, oopDesc*>::type RawAccessBarrier<1097844ull>::load_internal<1097844ull, oopDesc*>(void*)+0x4
#
# No core dump will be written. Core dumps have been disabled. To enable core dumping, try "ulimit -c unlimited" before starting Java again
#
# If you would like to submit a bug report, please visit:
#   https://bugreport.java.com/bugreport/crash.jsp
#

---------------  S U M M A R Y ------------

Command Line: -Dfile.encoding=UTF-8 org.apache.catalina.startup.Tomcat$1

Host: MacBookPro15,4 x86_64 1400 MHz, 8 cores, 8G, Darwin 20.4.0
Time: Sat May 15 11:45:38 2021 CEST elapsed time: 0 seconds (0d 0h 0m 0s)

---------------  T H R E A D  ---------------

Current thread (0x00007f9333009800):  JavaThread "main" [_thread_in_vm, id=5891, stack(0x000070000af2c000,0x000070000b02c000)]

Stack: [0x000070000af2c000,0x000070000b02c000],  sp=0x000070000b02bdd0,  free space=1023k
Native frames: (J=compiled Java code, A=aot compiled Java code, j=interpreted, Vv=VM code, C=native code)
V  [libjvm.dylib+0x752b84]  EnableIf<HasDecorator<1097844ull, MO_UNORDERED>::value, oopDesc*>::type RawAccessBarrier<1097844ull>::load_internal<1097844ull, oopDesc*>(void*)+0x4
V  [libjvm.dylib+0x752b49]  oopDesc* RawAccessBarrier<1097844ull>::oop_load<oopDesc*>(void*)+0x9
V  [libjvm.dylib+0x752bbb]  oopDesc* G1BarrierSet::AccessBarrier<1097844ull, G1BarrierSet>::oop_load_not_in_heap<oopDesc*>(oopDesc**)+0xb
V  [libjvm.dylib+0x3e9a8d]  jni_GetStringUTFChars+0xe3
C  [libjli.dylib+0x70ed]  PostJVMInit+0xad
C  [libjli.dylib+0x49ef]  JavaMain+0xa4f
C  [libsystem_pthread.dylib+0x6954]  _pthread_start+0xe0
C  [libsystem_pthread.dylib+0x24a7]  thread_start+0xf


siginfo: si_signo: 11 (SIGSEGV), si_code: 1 (SEGV_MAPERR), si_addr: 0x0000000000000000

Register to memory mapping:

RAX=0x0 is NULL
RBX=0x0 is NULL
RCX=0x000000010b93ce01: _ZGVZ15size_adjustmentI14JfrMemorySpaceI9JfrBuffer29JfrMspaceAlternatingRetrieval10JfrStorageEEmmPT_E13min_elem_size+0x1 in /Library/Java/JavaVirtualMachines/jdk-11.0.8.jdk/Contents/Home/lib/server/libjvm.dylib at 0x000000010b000000
RDX=0x0 is NULL
RSP=0x000070000b02bdd0 is pointing into the stack for thread: 0x00007f9333009800
RBP=0x000070000b02bdd0 is pointing into the stack for thread: 0x00007f9333009800
RSI=0x0 is NULL
RDI=0x0 is NULL
R8 ={method} {0x00000001295cb640} 'getCanonicalName' '()Ljava/lang/String;' in 'java/lang/Class'
R9 =0x00007f9330d18490 points into unknown readable memory: 40 b6 5c 29 01 00 00 00
R10=0x000000010b999800: _ZN19TemplateInterpreter13_active_tableE+0x4800 in /Library/Java/JavaVirtualMachines/jdk-11.0.8.jdk/Contents/Home/lib/server/libjvm.dylib at 0x000000010b000000
R11=0x00000001295c3f00 is pointing into metadata
R12=0x00007f9333009b40 points into unknown readable memory: 40 ce 93 0b 01 00 00 00
R13=0x0 is NULL
R14=0x00007f9333009800 is a thread
R15=0x0 is NULL


Registers:
RAX=0x0000000000000000, RBX=0x0000000000000000, RCX=0x000000010b93ce01, RDX=0x0000000000000000
RSP=0x000070000b02bdd0, RBP=0x000070000b02bdd0, RSI=0x0000000000000000, RDI=0x0000000000000000
R8 =0x00000001295cb640, R9 =0x00007f9330d18490, R10=0x000000010b999800, R11=0x00000001295c3f00
R12=0x00007f9333009b40, R13=0x0000000000000000, R14=0x00007f9333009800, R15=0x0000000000000000
RIP=0x000000010b752b84, EFLAGS=0x0000000000010246, ERR=0x0000000000000004
  TRAPNO=0x000000000000000e

Top of Stack: (sp=0x000070000b02bdd0)
0x000070000b02bdd0:   000070000b02bde0 000000010b752b49
0x000070000b02bde0:   000070000b02be00 000000010b752bbb
0x000070000b02bdf0:   0000000000000000 0000000000000000
0x000070000b02be00:   000070000b02be90 000000010b3e9a8d
0x000070000b02be10:   000000010b98ec01 00007f9333009800
0x000070000b02be20:   000070000b02be40 000000010b74ff5e
0x000070000b02be30:   000000010b98ec01 00007f9333009800
0x000070000b02be40:   0000000000000000 000000010b74fef4
0x000070000b02be50:   0000000000000000 00007f9333009800
0x000070000b02be60:   000070000b02be90 00007f9333009b40
0x000070000b02be70:   00007f933220a5b0 0000000000000000
0x000070000b02be80:   0000000000000000 00007f933220a5b8
0x000070000b02be90:   000070000b02bf20 00000001061180ed
0x000070000b02bea0:   000000010b98ec01 00007f9333009800
0x000070000b02beb0:   000070000b02bed0 000000010b74ff5e
0x000070000b02bec0:   000000010b98ec01 00007f9333009800
0x000070000b02bed0:   000070000b02bef0 000000010b74fef4
0x000070000b02bee0:   00007f93322097b0 0000000000000000
0x000070000b02bef0:   000070000b02bf20 09d91d8d786500f9
0x000070000b02bf00:   00007f9333009b40 00007f933220a5b0
0x000070000b02bf10:   00007f933220a5c8 00007f933220a5b8
0x000070000b02bf20:   000070000b02bfb0 00000001061159ef
0x000070000b02bf30:   0000000000000000 000001796f7124b8
0x000070000b02bf40:   0000000400010002 00007f9332004230
0x000070000b02bf50:   0000000000000000 0000000000000000
0x000070000b02bf60:   00007f93320041c8 0000000000000001
0x000070000b02bf70:   00007f9332004150 00007f9333009b40
0x000070000b02bf80:   000000010b93ce38 000070000b02c000
0x000070000b02bf90:   0000000000000000 0000000000000000
0x000070000b02bfa0:   0000000000000000 0000000000000000
0x000070000b02bfb0:   000070000b02bfd0 00007fff2068e954
0x000070000b02bfc0:   0000000000000000 0000000000000000 

Instructions: (pc=0x000000010b752b84)
0x000000010b752b64:   5d e9 16 00 00 00 66 0f 1f 44 00 00 55 48 89 e5
0x000000010b752b74:   5d e9 16 00 00 00 66 0f 1f 44 00 00 55 48 89 e5
0x000000010b752b84:   48 8b 07 5d c3 0f 1f 80 00 00 00 00 55 48 89 e5
0x000000010b752b94:   48 89 f8 5d c3 0f 1f 80 00 00 00 00 55 48 89 e5 

Stack slot to memory mapping:
stack at sp + 0 slots: 0x000070000b02bde0 is pointing into the stack for thread: 0x00007f9333009800
stack at sp + 1 slots: 0x000000010b752b49: _ZN16RawAccessBarrierILy1097844EE8oop_loadIP7oopDescEET_Pv+0x9 in /Library/Java/JavaVirtualMachines/jdk-11.0.8.jdk/Contents/Home/lib/server/libjvm.dylib at 0x000000010b000000
stack at sp + 2 slots: 0x000070000b02be00 is pointing into the stack for thread: 0x00007f9333009800
stack at sp + 3 slots: 0x000000010b752bbb: _ZN12G1BarrierSet13AccessBarrierILy1097844ES_E20oop_load_not_in_heapIP7oopDescEES4_PT_+0xb in /Library/Java/JavaVirtualMachines/jdk-11.0.8.jdk/Contents/Home/lib/server/libjvm.dylib at 0x000000010b000000
stack at sp + 4 slots: 0x0 is NULL
stack at sp + 5 slots: 0x0 is NULL
stack at sp + 6 slots: 0x000070000b02be90 is pointing into the stack for thread: 0x00007f9333009800
stack at sp + 7 slots: 0x000000010b3e9a8d: jni_GetStringUTFChars+0xe3 in /Library/Java/JavaVirtualMachines/jdk-11.0.8.jdk/Contents/Home/lib/server/libjvm.dylib at 0x000000010b000000


---------------  P R O C E S S  ---------------

Threads class SMR info:
_java_thread_list=0x00007f9334340390, length=9, elements={
0x00007f9333009800, 0x00007f9334859000, 0x00007f933485e000, 0x00007f9334862000,
0x00007f9334865000, 0x00007f9333036800, 0x00007f933282b000, 0x00007f9336008800,
0x00007f9334863000
}

Java Threads: ( => current thread )
=>0x00007f9333009800 JavaThread "main" [_thread_in_vm, id=5891, stack(0x000070000af2c000,0x000070000b02c000)]
  0x00007f9334859000 JavaThread "Reference Handler" daemon [_thread_blocked, id=18435, stack(0x000070000b641000,0x000070000b741000)]
  0x00007f933485e000 JavaThread "Finalizer" daemon [_thread_blocked, id=14083, stack(0x000070000b744000,0x000070000b844000)]
  0x00007f9334862000 JavaThread "Signal Dispatcher" daemon [_thread_blocked, id=16643, stack(0x000070000b94d000,0x000070000ba4d000)]
  0x00007f9334865000 JavaThread "C2 CompilerThread0" daemon [_thread_blocked, id=21763, stack(0x000070000ba50000,0x000070000bb50000)]
  0x00007f9333036800 JavaThread "C1 CompilerThread0" daemon [_thread_blocked, id=43011, stack(0x000070000bb53000,0x000070000bc53000)]
  0x00007f933282b000 JavaThread "Sweeper thread" daemon [_thread_blocked, id=22531, stack(0x000070000bc56000,0x000070000bd56000)]
  0x00007f9336008800 JavaThread "Service Thread" daemon [_thread_blocked, id=22787, stack(0x000070000bd59000,0x000070000be59000)]
  0x00007f9334863000 JavaThread "Common-Cleaner" daemon [_thread_blocked, id=23811, stack(0x000070000bf5f000,0x000070000c05f000)]

Other Threads:
  0x00007f9331812000 VMThread "VM Thread" [stack: 0x000070000b53e000,0x000070000b63e000] [id=18947]
  0x00007f9331009000 WatcherThread [stack: 0x000070000be5c000,0x000070000bf5c000] [id=23299]
  0x00007f933300b000 GCTaskThread "GC Thread#0" [stack: 0x000070000b02f000,0x000070000b12f000] [id=20995]
  0x00007f9331836000 ConcurrentGCThread "G1 Main Marker" [stack: 0x000070000b132000,0x000070000b232000] [id=20739]
  0x00007f9331837000 ConcurrentGCThread "G1 Conc#0" [stack: 0x000070000b235000,0x000070000b335000] [id=12035]
  0x00007f9334848800 ConcurrentGCThread "G1 Refine#0" [stack: 0x000070000b338000,0x000070000b438000] [id=12291]
  0x00007f9334849000 ConcurrentGCThread "G1 Young RemSet Sampling" [stack: 0x000070000b43b000,0x000070000b53b000] [id=12803]

Threads with active compile tasks:

VM state:not at safepoint (normal execution)

VM Mutex/Monitor currently owned by a thread: None

Heap address: 0x0000000780000000, size: 2048 MB, Compressed Oops mode: Zero based, Oop shift amount: 3
Narrow klass base: 0x0000000800000000, Narrow klass shift: 0
Compressed class space size: 1073741824 Address: 0x0000000800000000

Heap:
 garbage-first heap   total 131072K, used 2048K [0x0000000780000000, 0x0000000800000000)
  region size 1024K, 3 young (3072K), 0 survivors (0K)
 Metaspace       used 5136K, capacity 5270K, committed 5376K, reserved 1056768K
  class space    used 449K, capacity 498K, committed 512K, reserved 1048576K
Heap Regions: E=young(eden), S=young(survivor), O=old, HS=humongous(starts), HC=humongous(continues), CS=collection set, F=free, A=archive, TAMS=top-at-mark-start (previous, next)
|   0|0x0000000780000000, 0x0000000780000000, 0x0000000780100000|  0%| F|  |TAMS 0x0000000780000000, 0x0000000780000000| Untracked 
|   1|0x0000000780100000, 0x0000000780100000, 0x0000000780200000|  0%| F|  |TAMS 0x0000000780100000, 0x0000000780100000| Untracked 
|   2|0x0000000780200000, 0x0000000780200000, 0x0000000780300000|  0%| F|  |TAMS 0x0000000780200000, 0x0000000780200000| Untracked 
|   3|0x0000000780300000, 0x0000000780300000, 0x0000000780400000|  0%| F|  |TAMS 0x0000000780300000, 0x0000000780300000| Untracked 
|   4|0x0000000780400000, 0x0000000780400000, 0x0000000780500000|  0%| F|  |TAMS 0x0000000780400000, 0x0000000780400000| Untracked 
|   5|0x0000000780500000, 0x0000000780500000, 0x0000000780600000|  0%| F|  |TAMS 0x0000000780500000, 0x0000000780500000| Untracked 
|   6|0x0000000780600000, 0x0000000780600000, 0x0000000780700000|  0%| F|  |TAMS 0x0000000780600000, 0x0000000780600000| Untracked 
|   7|0x0000000780700000, 0x0000000780700000, 0x0000000780800000|  0%| F|  |TAMS 0x0000000780700000, 0x0000000780700000| Untracked 
|   8|0x0000000780800000, 0x0000000780800000, 0x0000000780900000|  0%| F|  |TAMS 0x0000000780800000, 0x0000000780800000| Untracked 
|   9|0x0000000780900000, 0x0000000780900000, 0x0000000780a00000|  0%| F|  |TAMS 0x0000000780900000, 0x0000000780900000| Untracked 
|  10|0x0000000780a00000, 0x0000000780a00000, 0x0000000780b00000|  0%| F|  |TAMS 0x0000000780a00000, 0x0000000780a00000| Untracked 
|  11|0x0000000780b00000, 0x0000000780b00000, 0x0000000780c00000|  0%| F|  |TAMS 0x0000000780b00000, 0x0000000780b00000| Untracked 
|  12|0x0000000780c00000, 0x0000000780c00000, 0x0000000780d00000|  0%| F|  |TAMS 0x0000000780c00000, 0x0000000780c00000| Untracked 
|  13|0x0000000780d00000, 0x0000000780d00000, 0x0000000780e00000|  0%| F|  |TAMS 0x0000000780d00000, 0x0000000780d00000| Untracked 
|  14|0x0000000780e00000, 0x0000000780e00000, 0x0000000780f00000|  0%| F|  |TAMS 0x0000000780e00000, 0x0000000780e00000| Untracked 
|  15|0x0000000780f00000, 0x0000000780f00000, 0x0000000781000000|  0%| F|  |TAMS 0x0000000780f00000, 0x0000000780f00000| Untracked 
|  16|0x0000000781000000, 0x0000000781000000, 0x0000000781100000|  0%| F|  |TAMS 0x0000000781000000, 0x0000000781000000| Untracked 
|  17|0x0000000781100000, 0x0000000781100000, 0x0000000781200000|  0%| F|  |TAMS 0x0000000781100000, 0x0000000781100000| Untracked 
|  18|0x0000000781200000, 0x0000000781200000, 0x0000000781300000|  0%| F|  |TAMS 0x0000000781200000, 0x0000000781200000| Untracked 
|  19|0x0000000781300000, 0x0000000781300000, 0x0000000781400000|  0%| F|  |TAMS 0x0000000781300000, 0x0000000781300000| Untracked 
|  20|0x0000000781400000, 0x0000000781400000, 0x0000000781500000|  0%| F|  |TAMS 0x0000000781400000, 0x0000000781400000| Untracked 
|  21|0x0000000781500000, 0x0000000781500000, 0x0000000781600000|  0%| F|  |TAMS 0x0000000781500000, 0x0000000781500000| Untracked 
|  22|0x0000000781600000, 0x0000000781600000, 0x0000000781700000|  0%| F|  |TAMS 0x0000000781600000, 0x0000000781600000| Untracked 
|  23|0x0000000781700000, 0x0000000781700000, 0x0000000781800000|  0%| F|  |TAMS 0x0000000781700000, 0x0000000781700000| Untracked 
|  24|0x0000000781800000, 0x0000000781800000, 0x0000000781900000|  0%| F|  |TAMS 0x0000000781800000, 0x0000000781800000| Untracked 
|  25|0x0000000781900000, 0x0000000781900000, 0x0000000781a00000|  0%| F|  |TAMS 0x0000000781900000, 0x0000000781900000| Untracked 
|  26|0x0000000781a00000, 0x0000000781a00000, 0x0000000781b00000|  0%| F|  |TAMS 0x0000000781a00000, 0x0000000781a00000| Untracked 
|  27|0x0000000781b00000, 0x0000000781b00000, 0x0000000781c00000|  0%| F|  |TAMS 0x0000000781b00000, 0x0000000781b00000| Untracked 
|  28|0x0000000781c00000, 0x0000000781c00000, 0x0000000781d00000|  0%| F|  |TAMS 0x0000000781c00000, 0x0000000781c00000| Untracked 
|  29|0x0000000781d00000, 0x0000000781d00000, 0x0000000781e00000|  0%| F|  |TAMS 0x0000000781d00000, 0x0000000781d00000| Untracked 
|  30|0x0000000781e00000, 0x0000000781e00000, 0x0000000781f00000|  0%| F|  |TAMS 0x0000000781e00000, 0x0000000781e00000| Untracked 
|  31|0x0000000781f00000, 0x0000000781f00000, 0x0000000782000000|  0%| F|  |TAMS 0x0000000781f00000, 0x0000000781f00000| Untracked 
|  32|0x0000000782000000, 0x0000000782000000, 0x0000000782100000|  0%| F|  |TAMS 0x0000000782000000, 0x0000000782000000| Untracked 
|  33|0x0000000782100000, 0x0000000782100000, 0x0000000782200000|  0%| F|  |TAMS 0x0000000782100000, 0x0000000782100000| Untracked 
|  34|0x0000000782200000, 0x0000000782200000, 0x0000000782300000|  0%| F|  |TAMS 0x0000000782200000, 0x0000000782200000| Untracked 
|  35|0x0000000782300000, 0x0000000782300000, 0x0000000782400000|  0%| F|  |TAMS 0x0000000782300000, 0x0000000782300000| Untracked 
|  36|0x0000000782400000, 0x0000000782400000, 0x0000000782500000|  0%| F|  |TAMS 0x0000000782400000, 0x0000000782400000| Untracked 
|  37|0x0000000782500000, 0x0000000782500000, 0x0000000782600000|  0%| F|  |TAMS 0x0000000782500000, 0x0000000782500000| Untracked 
|  38|0x0000000782600000, 0x0000000782600000, 0x0000000782700000|  0%| F|  |TAMS 0x0000000782600000, 0x0000000782600000| Untracked 
|  39|0x0000000782700000, 0x0000000782700000, 0x0000000782800000|  0%| F|  |TAMS 0x0000000782700000, 0x0000000782700000| Untracked 
|  40|0x0000000782800000, 0x0000000782800000, 0x0000000782900000|  0%| F|  |TAMS 0x0000000782800000, 0x0000000782800000| Untracked 
|  41|0x0000000782900000, 0x0000000782900000, 0x0000000782a00000|  0%| F|  |TAMS 0x0000000782900000, 0x0000000782900000| Untracked 
|  42|0x0000000782a00000, 0x0000000782a00000, 0x0000000782b00000|  0%| F|  |TAMS 0x0000000782a00000, 0x0000000782a00000| Untracked 
|  43|0x0000000782b00000, 0x0000000782b00000, 0x0000000782c00000|  0%| F|  |TAMS 0x0000000782b00000, 0x0000000782b00000| Untracked 
|  44|0x0000000782c00000, 0x0000000782c00000, 0x0000000782d00000|  0%| F|  |TAMS 0x0000000782c00000, 0x0000000782c00000| Untracked 
|  45|0x0000000782d00000, 0x0000000782d00000, 0x0000000782e00000|  0%| F|  |TAMS 0x0000000782d00000, 0x0000000782d00000| Untracked 
|  46|0x0000000782e00000, 0x0000000782e00000, 0x0000000782f00000|  0%| F|  |TAMS 0x0000000782e00000, 0x0000000782e00000| Untracked 
|  47|0x0000000782f00000, 0x0000000782f00000, 0x0000000783000000|  0%| F|  |TAMS 0x0000000782f00000, 0x0000000782f00000| Untracked 
|  48|0x0000000783000000, 0x0000000783000000, 0x0000000783100000|  0%| F|  |TAMS 0x0000000783000000, 0x0000000783000000| Untracked 
|  49|0x0000000783100000, 0x0000000783100000, 0x0000000783200000|  0%| F|  |TAMS 0x0000000783100000, 0x0000000783100000| Untracked 
|  50|0x0000000783200000, 0x0000000783200000, 0x0000000783300000|  0%| F|  |TAMS 0x0000000783200000, 0x0000000783200000| Untracked 
|  51|0x0000000783300000, 0x0000000783300000, 0x0000000783400000|  0%| F|  |TAMS 0x0000000783300000, 0x0000000783300000| Untracked 
|  52|0x0000000783400000, 0x0000000783400000, 0x0000000783500000|  0%| F|  |TAMS 0x0000000783400000, 0x0000000783400000| Untracked 
|  53|0x0000000783500000, 0x0000000783500000, 0x0000000783600000|  0%| F|  |TAMS 0x0000000783500000, 0x0000000783500000| Untracked 
|  54|0x0000000783600000, 0x0000000783600000, 0x0000000783700000|  0%| F|  |TAMS 0x0000000783600000, 0x0000000783600000| Untracked 
|  55|0x0000000783700000, 0x0000000783700000, 0x0000000783800000|  0%| F|  |TAMS 0x0000000783700000, 0x0000000783700000| Untracked 
|  56|0x0000000783800000, 0x0000000783800000, 0x0000000783900000|  0%| F|  |TAMS 0x0000000783800000, 0x0000000783800000| Untracked 
|  57|0x0000000783900000, 0x0000000783900000, 0x0000000783a00000|  0%| F|  |TAMS 0x0000000783900000, 0x0000000783900000| Untracked 
|  58|0x0000000783a00000, 0x0000000783a00000, 0x0000000783b00000|  0%| F|  |TAMS 0x0000000783a00000, 0x0000000783a00000| Untracked 
|  59|0x0000000783b00000, 0x0000000783b00000, 0x0000000783c00000|  0%| F|  |TAMS 0x0000000783b00000, 0x0000000783b00000| Untracked 
|  60|0x0000000783c00000, 0x0000000783c00000, 0x0000000783d00000|  0%| F|  |TAMS 0x0000000783c00000, 0x0000000783c00000| Untracked 
|  61|0x0000000783d00000, 0x0000000783d00000, 0x0000000783e00000|  0%| F|  |TAMS 0x0000000783d00000, 0x0000000783d00000| Untracked 
|  62|0x0000000783e00000, 0x0000000783e00000, 0x0000000783f00000|  0%| F|  |TAMS 0x0000000783e00000, 0x0000000783e00000| Untracked 
|  63|0x0000000783f00000, 0x0000000783f00000, 0x0000000784000000|  0%| F|  |TAMS 0x0000000783f00000, 0x0000000783f00000| Untracked 
|  64|0x0000000784000000, 0x0000000784000000, 0x0000000784100000|  0%| F|  |TAMS 0x0000000784000000, 0x0000000784000000| Untracked 
|  65|0x0000000784100000, 0x0000000784100000, 0x0000000784200000|  0%| F|  |TAMS 0x0000000784100000, 0x0000000784100000| Untracked 
|  66|0x0000000784200000, 0x0000000784200000, 0x0000000784300000|  0%| F|  |TAMS 0x0000000784200000, 0x0000000784200000| Untracked 
|  67|0x0000000784300000, 0x0000000784300000, 0x0000000784400000|  0%| F|  |TAMS 0x0000000784300000, 0x0000000784300000| Untracked 
|  68|0x0000000784400000, 0x0000000784400000, 0x0000000784500000|  0%| F|  |TAMS 0x0000000784400000, 0x0000000784400000| Untracked 
|  69|0x0000000784500000, 0x0000000784500000, 0x0000000784600000|  0%| F|  |TAMS 0x0000000784500000, 0x0000000784500000| Untracked 
|  70|0x0000000784600000, 0x0000000784600000, 0x0000000784700000|  0%| F|  |TAMS 0x0000000784600000, 0x0000000784600000| Untracked 
|  71|0x0000000784700000, 0x0000000784700000, 0x0000000784800000|  0%| F|  |TAMS 0x0000000784700000, 0x0000000784700000| Untracked 
|  72|0x0000000784800000, 0x0000000784800000, 0x0000000784900000|  0%| F|  |TAMS 0x0000000784800000, 0x0000000784800000| Untracked 
|  73|0x0000000784900000, 0x0000000784900000, 0x0000000784a00000|  0%| F|  |TAMS 0x0000000784900000, 0x0000000784900000| Untracked 
|  74|0x0000000784a00000, 0x0000000784a00000, 0x0000000784b00000|  0%| F|  |TAMS 0x0000000784a00000, 0x0000000784a00000| Untracked 
|  75|0x0000000784b00000, 0x0000000784b00000, 0x0000000784c00000|  0%| F|  |TAMS 0x0000000784b00000, 0x0000000784b00000| Untracked 
|  76|0x0000000784c00000, 0x0000000784c00000, 0x0000000784d00000|  0%| F|  |TAMS 0x0000000784c00000, 0x0000000784c00000| Untracked 
|  77|0x0000000784d00000, 0x0000000784d00000, 0x0000000784e00000|  0%| F|  |TAMS 0x0000000784d00000, 0x0000000784d00000| Untracked 
|  78|0x0000000784e00000, 0x0000000784e00000, 0x0000000784f00000|  0%| F|  |TAMS 0x0000000784e00000, 0x0000000784e00000| Untracked 
|  79|0x0000000784f00000, 0x0000000784f00000, 0x0000000785000000|  0%| F|  |TAMS 0x0000000784f00000, 0x0000000784f00000| Untracked 
|  80|0x0000000785000000, 0x0000000785000000, 0x0000000785100000|  0%| F|  |TAMS 0x0000000785000000, 0x0000000785000000| Untracked 
|  81|0x0000000785100000, 0x0000000785100000, 0x0000000785200000|  0%| F|  |TAMS 0x0000000785100000, 0x0000000785100000| Untracked 
|  82|0x0000000785200000, 0x0000000785200000, 0x0000000785300000|  0%| F|  |TAMS 0x0000000785200000, 0x0000000785200000| Untracked 
|  83|0x0000000785300000, 0x0000000785300000, 0x0000000785400000|  0%| F|  |TAMS 0x0000000785300000, 0x0000000785300000| Untracked 
|  84|0x0000000785400000, 0x0000000785400000, 0x0000000785500000|  0%| F|  |TAMS 0x0000000785400000, 0x0000000785400000| Untracked 
|  85|0x0000000785500000, 0x0000000785500000, 0x0000000785600000|  0%| F|  |TAMS 0x0000000785500000, 0x0000000785500000| Untracked 
|  86|0x0000000785600000, 0x0000000785600000, 0x0000000785700000|  0%| F|  |TAMS 0x0000000785600000, 0x0000000785600000| Untracked 
|  87|0x0000000785700000, 0x0000000785700000, 0x0000000785800000|  0%| F|  |TAMS 0x0000000785700000, 0x0000000785700000| Untracked 
|  88|0x0000000785800000, 0x0000000785800000, 0x0000000785900000|  0%| F|  |TAMS 0x0000000785800000, 0x0000000785800000| Untracked 
|  89|0x0000000785900000, 0x0000000785900000, 0x0000000785a00000|  0%| F|  |TAMS 0x0000000785900000, 0x0000000785900000| Untracked 
|  90|0x0000000785a00000, 0x0000000785a00000, 0x0000000785b00000|  0%| F|  |TAMS 0x0000000785a00000, 0x0000000785a00000| Untracked 
|  91|0x0000000785b00000, 0x0000000785b00000, 0x0000000785c00000|  0%| F|  |TAMS 0x0000000785b00000, 0x0000000785b00000| Untracked 
|  92|0x0000000785c00000, 0x0000000785c00000, 0x0000000785d00000|  0%| F|  |TAMS 0x0000000785c00000, 0x0000000785c00000| Untracked 
|  93|0x0000000785d00000, 0x0000000785d00000, 0x0000000785e00000|  0%| F|  |TAMS 0x0000000785d00000, 0x0000000785d00000| Untracked 
|  94|0x0000000785e00000, 0x0000000785e00000, 0x0000000785f00000|  0%| F|  |TAMS 0x0000000785e00000, 0x0000000785e00000| Untracked 
|  95|0x0000000785f00000, 0x0000000785f00000, 0x0000000786000000|  0%| F|  |TAMS 0x0000000785f00000, 0x0000000785f00000| Untracked 
|  96|0x0000000786000000, 0x0000000786000000, 0x0000000786100000|  0%| F|  |TAMS 0x0000000786000000, 0x0000000786000000| Untracked 
|  97|0x0000000786100000, 0x0000000786100000, 0x0000000786200000|  0%| F|  |TAMS 0x0000000786100000, 0x0000000786100000| Untracked 
|  98|0x0000000786200000, 0x0000000786200000, 0x0000000786300000|  0%| F|  |TAMS 0x0000000786200000, 0x0000000786200000| Untracked 
|  99|0x0000000786300000, 0x0000000786300000, 0x0000000786400000|  0%| F|  |TAMS 0x0000000786300000, 0x0000000786300000| Untracked 
| 100|0x0000000786400000, 0x0000000786400000, 0x0000000786500000|  0%| F|  |TAMS 0x0000000786400000, 0x0000000786400000| Untracked 
| 101|0x0000000786500000, 0x0000000786500000, 0x0000000786600000|  0%| F|  |TAMS 0x0000000786500000, 0x0000000786500000| Untracked 
| 102|0x0000000786600000, 0x0000000786600000, 0x0000000786700000|  0%| F|  |TAMS 0x0000000786600000, 0x0000000786600000| Untracked 
| 103|0x0000000786700000, 0x0000000786700000, 0x0000000786800000|  0%| F|  |TAMS 0x0000000786700000, 0x0000000786700000| Untracked 
| 104|0x0000000786800000, 0x0000000786800000, 0x0000000786900000|  0%| F|  |TAMS 0x0000000786800000, 0x0000000786800000| Untracked 
| 105|0x0000000786900000, 0x0000000786900000, 0x0000000786a00000|  0%| F|  |TAMS 0x0000000786900000, 0x0000000786900000| Untracked 
| 106|0x0000000786a00000, 0x0000000786a00000, 0x0000000786b00000|  0%| F|  |TAMS 0x0000000786a00000, 0x0000000786a00000| Untracked 
| 107|0x0000000786b00000, 0x0000000786b00000, 0x0000000786c00000|  0%| F|  |TAMS 0x0000000786b00000, 0x0000000786b00000| Untracked 
| 108|0x0000000786c00000, 0x0000000786c00000, 0x0000000786d00000|  0%| F|  |TAMS 0x0000000786c00000, 0x0000000786c00000| Untracked 
| 109|0x0000000786d00000, 0x0000000786d00000, 0x0000000786e00000|  0%| F|  |TAMS 0x0000000786d00000, 0x0000000786d00000| Untracked 
| 110|0x0000000786e00000, 0x0000000786e00000, 0x0000000786f00000|  0%| F|  |TAMS 0x0000000786e00000, 0x0000000786e00000| Untracked 
| 111|0x0000000786f00000, 0x0000000786f00000, 0x0000000787000000|  0%| F|  |TAMS 0x0000000786f00000, 0x0000000786f00000| Untracked 
| 112|0x0000000787000000, 0x0000000787000000, 0x0000000787100000|  0%| F|  |TAMS 0x0000000787000000, 0x0000000787000000| Untracked 
| 113|0x0000000787100000, 0x0000000787100000, 0x0000000787200000|  0%| F|  |TAMS 0x0000000787100000, 0x0000000787100000| Untracked 
| 114|0x0000000787200000, 0x0000000787200000, 0x0000000787300000|  0%| F|  |TAMS 0x0000000787200000, 0x0000000787200000| Untracked 
| 115|0x0000000787300000, 0x0000000787300000, 0x0000000787400000|  0%| F|  |TAMS 0x0000000787300000, 0x0000000787300000| Untracked 
| 116|0x0000000787400000, 0x0000000787400000, 0x0000000787500000|  0%| F|  |TAMS 0x0000000787400000, 0x0000000787400000| Untracked 
| 117|0x0000000787500000, 0x0000000787500000, 0x0000000787600000|  0%| F|  |TAMS 0x0000000787500000, 0x0000000787500000| Untracked 
| 118|0x0000000787600000, 0x0000000787600000, 0x0000000787700000|  0%| F|  |TAMS 0x0000000787600000, 0x0000000787600000| Untracked 
| 119|0x0000000787700000, 0x0000000787700000, 0x0000000787800000|  0%| F|  |TAMS 0x0000000787700000, 0x0000000787700000| Untracked 
| 120|0x0000000787800000, 0x0000000787800000, 0x0000000787900000|  0%| F|  |TAMS 0x0000000787800000, 0x0000000787800000| Untracked 
| 121|0x0000000787900000, 0x0000000787900000, 0x0000000787a00000|  0%| F|  |TAMS 0x0000000787900000, 0x0000000787900000| Untracked 
| 122|0x0000000787a00000, 0x0000000787a00000, 0x0000000787b00000|  0%| F|  |TAMS 0x0000000787a00000, 0x0000000787a00000| Untracked 
| 123|0x0000000787b00000, 0x0000000787b00000, 0x0000000787c00000|  0%| F|  |TAMS 0x0000000787b00000, 0x0000000787b00000| Untracked 
| 124|0x0000000787c00000, 0x0000000787c00000, 0x0000000787d00000|  0%| F|  |TAMS 0x0000000787c00000, 0x0000000787c00000| Untracked 
| 125|0x0000000787d00000, 0x0000000787dfe700, 0x0000000787e00000| 99%| E|  |TAMS 0x0000000787d00000, 0x0000000787d00000| Complete 
| 126|0x0000000787e00000, 0x0000000787f00000, 0x0000000787f00000|100%| E|CS|TAMS 0x0000000787e00000, 0x0000000787e00000| Complete 
| 127|0x0000000787f00000, 0x0000000788000000, 0x0000000788000000|100%| E|CS|TAMS 0x0000000787f00000, 0x0000000787f00000| Complete 

Card table byte_map: [0x0000000106ab2000,0x0000000106eb2000] _byte_map_base: 0x0000000102eb2000

Marking Bits (Prev, Next): (CMBitMap*) 0x00007f933180d218, (CMBitMap*) 0x00007f933180d250
 Prev Bits: [0x00000001235b9000, 0x00000001255b9000)
 Next Bits: [0x00000001255b9000, 0x00000001275b9000)

Polling page: 0x000000010610f000

Metaspace:

Usage:
  Non-class:      4.66 MB capacity,     4.58 MB ( 98%) used,    83.09 KB (  2%) free+waste,     1.25 KB ( <1%) overhead. 
      Class:    498.00 KB capacity,   449.32 KB ( 90%) used,    47.87 KB ( 10%) free+waste,   832 bytes ( <1%) overhead. 
       Both:      5.15 MB capacity,     5.02 MB ( 97%) used,   130.95 KB (  2%) free+waste,     2.06 KB ( <1%) overhead. 

Virtual space:
  Non-class space:        8.00 MB reserved,       4.75 MB ( 59%) committed 
      Class space:        1.00 GB reserved,     512.00 KB ( <1%) committed 
             Both:        1.01 GB reserved,       5.25 MB ( <1%) committed 

Chunk freelists:
   Non-Class:  7.00 KB
       Class:  1.75 KB
        Both:  8.75 KB

CodeHeap 'non-profiled nmethods': size=120032Kb used=34Kb max_used=34Kb free=119997Kb
 bounds [0x000000011bc81000, 0x000000011bef1000, 0x00000001231b9000]
CodeHeap 'profiled nmethods': size=120028Kb used=246Kb max_used=246Kb free=119781Kb
 bounds [0x000000011474a000, 0x00000001149ba000, 0x000000011bc81000]
CodeHeap 'non-nmethods': size=5700Kb used=1018Kb max_used=1030Kb free=4681Kb
 bounds [0x00000001141b9000, 0x0000000114429000, 0x000000011474a000]
 total_blobs=458 nmethods=169 adapters=202
 compilation: enabled
              stopped_count=0, restarted_count=0
 full_count=0

Compilation events (10 events):
Event: 0.123 Thread 0x00007f9333036800  166       3       java.util.zip.ZipFile$Source::hash_append (7 bytes)
Event: 0.123 Thread 0x00007f9333036800 nmethod 166 0x0000000114785490 code [0x0000000114785620, 0x0000000114785770]
Event: 0.123 Thread 0x00007f9333036800  165       1       java.net.URL::getFile (5 bytes)
Event: 0.123 Thread 0x00007f9333036800 nmethod 165 0x000000011bc89510 code [0x000000011bc896a0, 0x000000011bc897b0]
Event: 0.123 Thread 0x00007f9333036800  167       3       java.lang.Class::getName (18 bytes)
Event: 0.123 Thread 0x00007f9333036800 nmethod 167 0x0000000114785810 code [0x00000001147859c0, 0x0000000114785ba8]
Event: 0.123 Thread 0x00007f9333036800  168   !   3       java.util.jar.JarFile::checkForSpecialAttributes (163 bytes)
Event: 0.124 Thread 0x00007f9333036800 nmethod 168 0x0000000114785c90 code [0x0000000114785fa0, 0x0000000114787378]
Event: 0.124 Thread 0x00007f9333036800  169       1       java.util.jar.Attributes$Name::hashCode (5 bytes)
Event: 0.124 Thread 0x00007f9333036800 nmethod 169 0x000000011bc89810 code [0x000000011bc899a0, 0x000000011bc89ab0]

GC Heap History (0 events):
No events

Deoptimization events (1 events):
Event: 0.069 Thread 0x00007f9333009800 Uncommon trap: reason=unstable_if action=reinterpret pc=0x000000011bc8588c method=java.lang.String.hashCode()I @ 14 c2

Classes redefined (0 events):
No events

Internal exceptions (0 events):
No events

Events (10 events):
Event: 0.122 loading class javax/servlet/ServletResponse
Event: 0.122 loading class javax/servlet/ServletResponse done
Event: 0.123 loading class org/apache/catalina/Wrapper
Event: 0.123 loading class org/apache/catalina/Wrapper done
Event: 0.123 loading class java/lang/PublicMethods$Key
Event: 0.123 loading class java/lang/PublicMethods$Key done
Event: 0.124 loading class org/apache/catalina/startup/Tomcat
Event: 0.124 loading class org/apache/catalina/startup/Tomcat done
Event: 0.124 loading class java/lang/Class$EnclosingMethodInfo
Event: 0.124 loading class java/lang/Class$EnclosingMethodInfo done


Dynamic libraries:
0x00007fff35149000 	/System/Library/Frameworks/Cocoa.framework/Versions/A/Cocoa
0x00007fff22515000 	/System/Library/Frameworks/Security.framework/Versions/A/Security
0x00007fff3336c000 	/System/Library/Frameworks/ApplicationServices.framework/Versions/A/ApplicationServices
0x00007fff2a779000 	/usr/lib/libz.1.dylib
0x0000000106111000 	/Library/Java/JavaVirtualMachines/jdk-11.0.8.jdk/Contents/Home/lib/jli/libjli.dylib
0x00007fff2a841000 	/usr/lib/libSystem.B.dylib
0x00007fff22f43000 	/System/Library/Frameworks/AppKit.framework/Versions/C/AppKit
0x00007fff25df9000 	/System/Library/Frameworks/CoreData.framework/Versions/A/CoreData
0x00007fff214b0000 	/System/Library/Frameworks/Foundation.framework/Versions/C/Foundation
0x00007fff23c8b000 	/System/Library/PrivateFrameworks/UIFoundation.framework/Versions/A/UIFoundation
0x00007fff2fe4e000 	/System/Library/PrivateFrameworks/RemoteViewServices.framework/Versions/A/RemoteViewServices
0x00007fff28c86000 	/System/Library/PrivateFrameworks/XCTTargetBootstrap.framework/Versions/A/XCTTargetBootstrap
0x00007fff2b961000 	/usr/lib/libspindump.dylib
0x00007fff23eda000 	/System/Library/Frameworks/UniformTypeIdentifiers.framework/Versions/A/UniformTypeIdentifiers
0x00007fff2748a000 	/usr/lib/libapp_launch_measurement.dylib
0x00007fff2748d000 	/System/Library/PrivateFrameworks/CoreAutoLayout.framework/Versions/A/CoreAutoLayout
0x00007fff285ed000 	/System/Library/Frameworks/Metal.framework/Versions/A/Metal
0x00007fff292e2000 	/usr/lib/liblangid.dylib
0x00007fff28c8a000 	/System/Library/PrivateFrameworks/CoreSVG.framework/Versions/A/CoreSVG
0x00007fff24f12000 	/System/Library/PrivateFrameworks/SkyLight.framework/Versions/A/SkyLight
0x00007fff25276000 	/System/Library/Frameworks/CoreGraphics.framework/Versions/A/CoreGraphics
0x00007fff30370000 	/System/Library/Frameworks/Accelerate.framework/Versions/A/Accelerate
0x00007fff2b3a0000 	/System/Library/PrivateFrameworks/IconServices.framework/Versions/A/IconServices
0x00007fff285d1000 	/System/Library/Frameworks/IOSurface.framework/Versions/A/IOSurface
0x00007fff2677a000 	/usr/lib/libDiagnosticMessagesClient.dylib
0x00007fff28c72000 	/System/Library/PrivateFrameworks/DFRFoundation.framework/Versions/A/DFRFoundation
0x00007fff2286a000 	/usr/lib/libicucore.A.dylib
0x00007fff2cea0000 	/System/Library/Frameworks/AudioToolbox.framework/Versions/A/AudioToolbox
0x00007fff2c132000 	/System/Library/PrivateFrameworks/DataDetectorsCore.framework/Versions/A/DataDetectorsCore
0x00007fff24e86000 	/usr/lib/libMobileGestalt.dylib
0x00007fff28976000 	/System/Library/Frameworks/Carbon.framework/Versions/A/Frameworks/HIToolbox.framework/Versions/A/HIToolbox
0x00007fff26ed4000 	/System/Library/Frameworks/QuartzCore.framework/Versions/A/QuartzCore
0x00007fff2fe86000 	/System/Library/Frameworks/Carbon.framework/Versions/A/Frameworks/SpeechRecognition.framework/Versions/A/SpeechRecognition
0x00007fff271f3000 	/System/Library/PrivateFrameworks/CoreUI.framework/Versions/A/CoreUI
0x00007fff21e84000 	/System/Library/Frameworks/CoreAudio.framework/Versions/A/CoreAudio
0x00007fff26865000 	/System/Library/Frameworks/DiskArbitration.framework/Versions/A/DiskArbitration
0x00007fff2bd2f000 	/System/Library/PrivateFrameworks/MultitouchSupport.framework/Versions/A/MultitouchSupport
0x00007fff2c129000 	/System/Library/PrivateFrameworks/InternationalSupport.framework/Versions/A/InternationalSupport
0x00007fff24e85000 	/usr/lib/libenergytrace.dylib
0x00007fff22e3a000 	/System/Library/Frameworks/IOKit.framework/Versions/A/IOKit
0x00007fff301b9000 	/System/Library/Frameworks/CoreServices.framework/Versions/A/CoreServices
0x00007fff27420000 	/System/Library/PrivateFrameworks/PerformanceAnalysis.framework/Versions/A/PerformanceAnalysis
0x00007fff6bbf5000 	/System/Library/Frameworks/OpenGL.framework/Versions/A/OpenGL
0x00007fff2c1ad000 	/System/Library/PrivateFrameworks/UserActivity.framework/Versions/A/UserActivity
0x00007fff20526000 	/usr/lib/libobjc.A.dylib
0x00007fff25900000 	/System/Library/Frameworks/ColorSync.framework/Versions/A/ColorSync
0x00007fff20706000 	/System/Library/Frameworks/CoreFoundation.framework/Versions/A/CoreFoundation
0x00007fff28ef0000 	/System/Library/Frameworks/CoreImage.framework/Versions/A/CoreImage
0x00007fff21c9f000 	/System/Library/Frameworks/CoreText.framework/Versions/A/CoreText
0x00007fff28cb4000 	/System/Library/Frameworks/ImageIO.framework/Versions/A/ImageIO
0x00007fff2a847000 	/System/Library/PrivateFrameworks/SoftLinking.framework/Versions/A/SoftLinking
0x00007fff274d5000 	/usr/lib/libxml2.2.dylib
0x00007fff205ec000 	/usr/lib/libc++.1.dylib
0x00007fff2aab8000 	/usr/lib/libcompression.dylib
0x00007fff2c05b000 	/System/Library/PrivateFrameworks/TextureIO.framework/Versions/A/TextureIO
0x00007fff2b0df000 	/usr/lib/libate.dylib
0x00007fff2a83b000 	/usr/lib/system/libcache.dylib
0x00007fff2a7f7000 	/usr/lib/system/libcommonCrypto.dylib
0x00007fff2a821000 	/usr/lib/system/libcompiler_rt.dylib
0x00007fff2a816000 	/usr/lib/system/libcopyfile.dylib
0x00007fff20416000 	/usr/lib/system/libcorecrypto.dylib
0x00007fff204e1000 	/usr/lib/system/libdispatch.dylib
0x00007fff20694000 	/usr/lib/system/libdyld.dylib
0x00007fff2a832000 	/usr/lib/system/libkeymgr.dylib
0x00007fff2dc37000 	/usr/lib/system/liblaunch.dylib
0x00007fff2a7d5000 	/usr/lib/system/libmacho.dylib
0x00007fff29fcd000 	/usr/lib/system/libquarantine.dylib
0x00007fff2a82f000 	/usr/lib/system/libremovefile.dylib
0x00007fff24ee3000 	/usr/lib/system/libsystem_asl.dylib
0x00007fff203c6000 	/usr/lib/system/libsystem_blocks.dylib
0x00007fff20563000 	/usr/lib/system/libsystem_c.dylib
0x00007fff2a829000 	/usr/lib/system/libsystem_collections.dylib
0x00007fff292d3000 	/usr/lib/system/libsystem_configuration.dylib
0x00007fff285c0000 	/usr/lib/system/libsystem_containermanager.dylib
0x00007fff2a578000 	/usr/lib/system/libsystem_coreservices.dylib
0x00007fff22aca000 	/usr/lib/system/libsystem_darwin.dylib
0x00007fff2a833000 	/usr/lib/system/libsystem_dnssd.dylib
0x00007fff20560000 	/usr/lib/system/libsystem_featureflags.dylib
0x00007fff206da000 	/usr/lib/system/libsystem_info.dylib
0x00007fff2a78c000 	/usr/lib/system/libsystem_m.dylib
0x00007fff204b4000 	/usr/lib/system/libsystem_malloc.dylib
0x00007fff24e76000 	/usr/lib/system/libsystem_networkextension.dylib
0x00007fff22ee9000 	/usr/lib/system/libsystem_notify.dylib
0x00007fff300bb000 	/usr/lib/system/libsystem_product_info_filter.dylib
0x00007fff292d7000 	/usr/lib/system/libsystem_sandbox.dylib
0x00007fff2a82c000 	/usr/lib/system/libsystem_secinit.dylib
0x00007fff20658000 	/usr/lib/system/libsystem_kernel.dylib
0x00007fff206d0000 	/usr/lib/system/libsystem_platform.dylib
0x00007fff20688000 	/usr/lib/system/libsystem_pthread.dylib
0x00007fff265bd000 	/usr/lib/system/libsystem_symptoms.dylib
0x00007fff203fe000 	/usr/lib/system/libsystem_trace.dylib
0x00007fff2a803000 	/usr/lib/system/libunwind.dylib
0x00007fff203c8000 	/usr/lib/system/libxpc.dylib
0x00007fff20642000 	/usr/lib/libc++abi.dylib
0x00007fff2a80e000 	/usr/lib/liboah.dylib
0x00007fff2aec5000 	/usr/lib/liblzma.5.dylib
0x00007fff211c4000 	/System/Library/Frameworks/SystemConfiguration.framework/Versions/A/SystemConfiguration
0x00007fff2a843000 	/usr/lib/libfakelink.dylib
0x00007fff249d7000 	/System/Library/Frameworks/CFNetwork.framework/Versions/A/CFNetwork
0x00007fff2a983000 	/usr/lib/libarchive.2.dylib
0x00007fff21242000 	/usr/lib/libCRFSuite.dylib
0x00007fff29ff4000 	/usr/lib/libbsm.0.dylib
0x00007fff24357000 	/usr/lib/libnetwork.dylib
0x00007fff2a848000 	/usr/lib/libpcap.A.dylib
0x00007fff265b6000 	/usr/lib/libdns_services.dylib
0x00007fff2aede000 	/usr/lib/libcoretls_cfhelpers.dylib
0x00007fff2aa82000 	/usr/lib/libapple_nghttp2.dylib
0x00007fff2a7db000 	/usr/lib/system/libkxld.dylib
0x00007fff2622f000 	/usr/lib/libsqlite3.dylib
0x00007fff2a55b000 	/System/Library/PrivateFrameworks/AppleFSCompression.framework/Versions/A/AppleFSCompression
0x00007fff29fdc000 	/usr/lib/libcoretls.dylib
0x00007fff2aab3000 	/usr/lib/libpam.2.dylib
0x00007fff2afdb000 	/usr/lib/libxar.1.dylib
0x00007fff292de000 	/System/Library/PrivateFrameworks/AppleSystemInfo.framework/Versions/A/AppleSystemInfo
0x00007fff29c1e000 	/System/Library/PrivateFrameworks/IOMobileFramebuffer.framework/Versions/A/IOMobileFramebuffer
0x00007fff2a56b000 	/usr/lib/libbz2.1.0.dylib
0x00007fff2a880000 	/usr/lib/libiconv.2.dylib
0x00007fff2a7d4000 	/usr/lib/libcharset.1.dylib
0x00007fff2745c000 	/System/Library/Frameworks/CoreServices.framework/Versions/A/Frameworks/FSEvents.framework/Versions/A/FSEvents
0x00007fff22ad4000 	/System/Library/Frameworks/CoreServices.framework/Versions/A/Frameworks/CarbonCore.framework/Versions/A/CarbonCore
0x00007fff267ca000 	/System/Library/Frameworks/CoreServices.framework/Versions/A/Frameworks/Metadata.framework/Versions/A/Metadata
0x00007fff2a57d000 	/System/Library/Frameworks/CoreServices.framework/Versions/A/Frameworks/OSServices.framework/Versions/A/OSServices
0x00007fff2a9f5000 	/System/Library/Frameworks/CoreServices.framework/Versions/A/Frameworks/SearchKit.framework/Versions/A/SearchKit
0x00007fff26541000 	/System/Library/Frameworks/CoreServices.framework/Versions/A/Frameworks/AE.framework/Versions/A/AE
0x00007fff20ba4000 	/System/Library/Frameworks/CoreServices.framework/Versions/A/Frameworks/LaunchServices.framework/Versions/A/LaunchServices
0x00007fff2ae75000 	/System/Library/Frameworks/CoreServices.framework/Versions/A/Frameworks/DictionaryServices.framework/Versions/A/DictionaryServices
0x00007fff27465000 	/System/Library/Frameworks/CoreServices.framework/Versions/A/Frameworks/SharedFileList.framework/Versions/A/SharedFileList
0x00007fff29fd0000 	/usr/lib/libCheckFix.dylib
0x00007fff24efa000 	/System/Library/PrivateFrameworks/TCC.framework/Versions/A/TCC
0x00007fff292e4000 	/System/Library/PrivateFrameworks/CoreNLP.framework/Versions/A/CoreNLP
0x00007fff2677d000 	/System/Library/PrivateFrameworks/MetadataUtilities.framework/Versions/A/MetadataUtilities
0x00007fff21277000 	/usr/lib/libmecabra.dylib
0x00007fff2a2da000 	/System/Library/Frameworks/MLCompute.framework/Versions/A/MLCompute
0x00007fff2a005000 	/usr/lib/libmecab.dylib
0x00007fff2a04f000 	/usr/lib/libgermantok.dylib
0x00007fff2aa5d000 	/usr/lib/libThaiTokenizer.dylib
0x00007fff2b016000 	/usr/lib/libChineseTokenizer.dylib
0x00007fff2aab1000 	/System/Library/Frameworks/MetalPerformanceShaders.framework/Versions/A/MetalPerformanceShaders
0x00007fff2686c000 	/System/Library/Frameworks/Accelerate.framework/Versions/A/Frameworks/vImage.framework/Versions/A/vImage
0x00007fff30193000 	/System/Library/Frameworks/Accelerate.framework/Versions/A/Frameworks/vecLib.framework/Versions/A/vecLib
0x00007fff2b021000 	/System/Library/Frameworks/Accelerate.framework/Versions/A/Frameworks/vecLib.framework/Versions/A/libvMisc.dylib
0x00007fff29a39000 	/System/Library/Frameworks/Accelerate.framework/Versions/A/Frameworks/vecLib.framework/Versions/A/libvDSP.dylib
0x00007fff20eab000 	/System/Library/Frameworks/Accelerate.framework/Versions/A/Frameworks/vecLib.framework/Versions/A/libBLAS.dylib
0x00007fff2aad7000 	/System/Library/Frameworks/Accelerate.framework/Versions/A/Frameworks/vecLib.framework/Versions/A/libLAPACK.dylib
0x00007fff2a055000 	/System/Library/Frameworks/Accelerate.framework/Versions/A/Frameworks/vecLib.framework/Versions/A/libLinearAlgebra.dylib
0x00007fff2aa9a000 	/System/Library/Frameworks/Accelerate.framework/Versions/A/Frameworks/vecLib.framework/Versions/A/libSparseBLAS.dylib
0x00007fff2aad1000 	/System/Library/Frameworks/Accelerate.framework/Versions/A/Frameworks/vecLib.framework/Versions/A/libQuadrature.dylib
0x00007fff29390000 	/System/Library/Frameworks/Accelerate.framework/Versions/A/Frameworks/vecLib.framework/Versions/A/libBNNS.dylib
0x00007fff21155000 	/System/Library/Frameworks/Accelerate.framework/Versions/A/Frameworks/vecLib.framework/Versions/A/libSparse.dylib
0x00007fff2926c000 	/System/Library/Frameworks/MetalPerformanceShaders.framework/Versions/A/Frameworks/MPSCore.framework/Versions/A/MPSCore
0x00007fff2a4ca000 	/System/Library/Frameworks/MetalPerformanceShaders.framework/Versions/A/Frameworks/MPSImage.framework/Versions/A/MPSImage
0x00007fff2a06b000 	/System/Library/Frameworks/MetalPerformanceShaders.framework/Versions/A/Frameworks/MPSNeuralNetwork.framework/Versions/A/MPSNeuralNetwork
0x00007fff2a43c000 	/System/Library/Frameworks/MetalPerformanceShaders.framework/Versions/A/Frameworks/MPSMatrix.framework/Versions/A/MPSMatrix
0x00007fff2a28a000 	/System/Library/Frameworks/MetalPerformanceShaders.framework/Versions/A/Frameworks/MPSRayIntersector.framework/Versions/A/MPSRayIntersector
0x00007fff2a473000 	/System/Library/Frameworks/MetalPerformanceShaders.framework/Versions/A/Frameworks/MPSNDArray.framework/Versions/A/MPSNDArray
0x00007fff20dd7000 	/System/Library/PrivateFrameworks/MetalTools.framework/Versions/A/MetalTools
0x00007fff292dc000 	/System/Library/PrivateFrameworks/AggregateDictionary.framework/Versions/A/AggregateDictionary
0x00007fff2674a000 	/System/Library/PrivateFrameworks/CoreAnalytics.framework/Versions/A/CoreAnalytics
0x00007fff2aa5f000 	/System/Library/PrivateFrameworks/AppleSauce.framework/Versions/A/AppleSauce
0x00007fff285e3000 	/System/Library/PrivateFrameworks/IOAccelerator.framework/Versions/A/IOAccelerator
0x00007fff6bbe9000 	/System/Library/Frameworks/OpenGL.framework/Versions/A/Libraries/libCoreFSCache.dylib
0x00007fff2180e000 	/System/Library/PrivateFrameworks/LanguageModeling.framework/Versions/A/LanguageModeling
0x00007fff29c0c000 	/System/Library/PrivateFrameworks/CoreEmoji.framework/Versions/A/CoreEmoji
0x00007fff29389000 	/System/Library/PrivateFrameworks/LinguisticData.framework/Versions/A/LinguisticData
0x00007fff21108000 	/System/Library/PrivateFrameworks/Lexicon.framework/Versions/A/Lexicon
0x00007fff2a971000 	/usr/lib/libcmph.dylib
0x00007fff2743c000 	/System/Library/Frameworks/OpenDirectory.framework/Versions/A/Frameworks/CFOpenDirectory.framework/Versions/A/CFOpenDirectory
0x00007fff2742c000 	/System/Library/Frameworks/OpenDirectory.framework/Versions/A/OpenDirectory
0x00007fff2aee0000 	/System/Library/PrivateFrameworks/APFS.framework/Versions/A/APFS
0x00007fff29f32000 	/System/Library/Frameworks/SecurityFoundation.framework/Versions/A/SecurityFoundation
0x00007fff2afe9000 	/usr/lib/libutil.dylib
0x00007fff22dff000 	/System/Library/PrivateFrameworks/CoreServicesStore.framework/Versions/A/CoreServicesStore
0x00007fff29fc8000 	/System/Library/Frameworks/ServiceManagement.framework/Versions/A/ServiceManagement
0x00007fff2afed000 	/usr/lib/libxslt.1.dylib
0x00007fff29fbe000 	/System/Library/PrivateFrameworks/BackgroundTaskManagement.framework/Versions/A/BackgroundTaskManagement
0x00007fff2bfa5000 	/System/Library/Frameworks/ImageIO.framework/Versions/A/Resources/libRadiance.dylib
0x00007fff2bfaf000 	/System/Library/Frameworks/ImageIO.framework/Versions/A/Resources/libJPEG.dylib
0x00007fff2bef9000 	/System/Library/Frameworks/ImageIO.framework/Versions/A/Resources/libPng.dylib
0x00007fff2bf20000 	/System/Library/Frameworks/ImageIO.framework/Versions/A/Resources/libTIFF.dylib
0x00007fff2c004000 	/System/Library/Frameworks/ImageIO.framework/Versions/A/Resources/libGIF.dylib
0x00007fff2bc4b000 	/System/Library/Frameworks/ImageIO.framework/Versions/A/Resources/libJP2.dylib
0x00007fff2b368000 	/usr/lib/libexpat.1.dylib
0x00007fff2bc01000 	/System/Library/PrivateFrameworks/AppleJPEG.framework/Versions/A/AppleJPEG
0x00007fff28819000 	/System/Library/PrivateFrameworks/FontServices.framework/libFontParser.dylib
0x00007fff264f8000 	/System/Library/PrivateFrameworks/RunningBoardServices.framework/Versions/A/RunningBoardServices
0x00007fff2bd2b000 	/System/Library/PrivateFrameworks/WatchdogClient.framework/Versions/A/WatchdogClient
0x00007fff218f7000 	/System/Library/Frameworks/CoreDisplay.framework/Versions/A/CoreDisplay
0x00007fff2872e000 	/System/Library/Frameworks/CoreMedia.framework/Versions/A/CoreMedia
0x00007fff275b8000 	/System/Library/Frameworks/CoreVideo.framework/Versions/A/CoreVideo
0x00007fff2bd66000 	/System/Library/Frameworks/VideoToolbox.framework/Versions/A/VideoToolbox
0x00007fff26478000 	/System/Library/PrivateFrameworks/BaseBoard.framework/Versions/A/BaseBoard
0x00007fff2b4ab000 	/System/Library/PrivateFrameworks/PersistentConnection.framework/Versions/A/PersistentConnection
0x00007fff26219000 	/System/Library/PrivateFrameworks/ProtocolBuffer.framework/Versions/A/ProtocolBuffer
0x00007fff26460000 	/System/Library/PrivateFrameworks/CommonUtilities.framework/Versions/A/CommonUtilities
0x00007fff2bbc4000 	/System/Library/PrivateFrameworks/Bom.framework/Versions/A/Bom
0x00007fff2bf9d000 	/System/Library/PrivateFrameworks/GPUWrangler.framework/Versions/A/GPUWrangler
0x00007fff2bf80000 	/System/Library/PrivateFrameworks/IOPresentment.framework/Versions/A/IOPresentment
0x00007fff2bfa9000 	/System/Library/PrivateFrameworks/DSExternalDisplay.framework/Versions/A/DSExternalDisplay
0x00007fff2c009000 	/System/Library/PrivateFrameworks/CMCaptureCore.framework/Versions/A/CMCaptureCore
0x00007fff2b947000 	/System/Library/PrivateFrameworks/AppServerSupport.framework/Versions/A/AppServerSupport
0x00007fff2d9da000 	/System/Library/PrivateFrameworks/perfdata.framework/Versions/A/perfdata
0x00007fff29f21000 	/System/Library/PrivateFrameworks/AssertionServices.framework/Versions/A/AssertionServices
0x00007fff21a2e000 	/System/Library/PrivateFrameworks/AudioToolboxCore.framework/Versions/A/AudioToolboxCore
0x00007fff28711000 	/System/Library/PrivateFrameworks/caulk.framework/Versions/A/caulk
0x00007fff3cdcf000 	/System/Library/PrivateFrameworks/SystemPolicy.framework/Versions/A/SystemPolicy
0x00007fff2b177000 	/usr/lib/libIOReport.dylib
0x00007fff2d216000 	/usr/lib/libSMC.dylib
0x00007fff2bec5000 	/usr/lib/libAudioToolboxUtility.dylib
0x00007fff3d72a000 	/usr/lib/libmis.dylib
0x00007fff6bc45000 	/System/Library/Frameworks/OpenGL.framework/Versions/A/Libraries/libGLU.dylib
0x00007fff6bc08000 	/System/Library/Frameworks/OpenGL.framework/Versions/A/Libraries/libGFXShared.dylib
0x00007fff6be16000 	/System/Library/Frameworks/OpenGL.framework/Versions/A/Libraries/libGL.dylib
0x00007fff6bc11000 	/System/Library/Frameworks/OpenGL.framework/Versions/A/Libraries/libGLImage.dylib
0x00007fff6bc05000 	/System/Library/Frameworks/OpenGL.framework/Versions/A/Libraries/libCVMSPluginSupport.dylib
0x00007fff6bbf0000 	/System/Library/Frameworks/OpenGL.framework/Versions/A/Libraries/libCoreVMClient.dylib
0x00007fff6d260000 	/System/Library/Frameworks/OpenCL.framework/Versions/A/OpenCL
0x00007fff2b4d4000 	/System/Library/PrivateFrameworks/GraphVisualizer.framework/Versions/A/GraphVisualizer
0x00007fff2b4e3000 	/System/Library/PrivateFrameworks/FaceCore.framework/Versions/A/FaceCore
0x00007fff2b8ff000 	/System/Library/PrivateFrameworks/OTSVG.framework/Versions/A/OTSVG
0x00007fff271b1000 	/System/Library/Frameworks/ApplicationServices.framework/Versions/A/Frameworks/ATS.framework/Versions/A/Resources/libFontRegistry.dylib
0x00007fff2b94e000 	/System/Library/PrivateFrameworks/FontServices.framework/libhvf.dylib
0x00007fff2b314000 	/System/Library/PrivateFrameworks/AppleVA.framework/Versions/A/AppleVA
0x00007fff2d05e000 	/System/Library/Frameworks/ApplicationServices.framework/Versions/A/Frameworks/ATS.framework/Versions/A/ATS
0x00007fff2d371000 	/System/Library/Frameworks/ApplicationServices.framework/Versions/A/Frameworks/ColorSyncLegacy.framework/Versions/A/ColorSyncLegacy
0x00007fff259f7000 	/System/Library/Frameworks/ApplicationServices.framework/Versions/A/Frameworks/HIServices.framework/Versions/A/HIServices
0x00007fff2d356000 	/System/Library/Frameworks/ApplicationServices.framework/Versions/A/Frameworks/LangAnalysis.framework/Versions/A/LangAnalysis
0x00007fff2c013000 	/System/Library/Frameworks/ApplicationServices.framework/Versions/A/Frameworks/PrintCore.framework/Versions/A/PrintCore
0x00007fff2d379000 	/System/Library/Frameworks/ApplicationServices.framework/Versions/A/Frameworks/QD.framework/Versions/A/QD
0x00007fff2d04e000 	/System/Library/Frameworks/ApplicationServices.framework/Versions/A/Frameworks/SpeechSynthesis.framework/Versions/A/SpeechSynthesis
0x00007fff2bfd4000 	/System/Library/Frameworks/ApplicationServices.framework/Versions/A/Frameworks/ATSUI.framework/Versions/A/ATSUI
0x00007fff2d2f6000 	/usr/lib/libcups.2.dylib
0x00007fff2d366000 	/System/Library/PrivateFrameworks/NetAuth.framework/Versions/A/NetAuth
0x00007fff2d9f5000 	/System/Library/Frameworks/Kerberos.framework/Versions/A/Kerberos
0x00007fff2da05000 	/System/Library/Frameworks/GSS.framework/Versions/A/GSS
0x00007fff2d0cb000 	/usr/lib/libresolv.9.dylib
0x00007fff2b964000 	/System/Library/PrivateFrameworks/Heimdal.framework/Versions/A/Heimdal
0x00007fff33681000 	/System/Library/Frameworks/Kerberos.framework/Versions/A/Libraries/libHeimdalProxy.dylib
0x00007fff265c5000 	/System/Library/Frameworks/Network.framework/Versions/A/Network
0x00007fff2b381000 	/usr/lib/libheimdal-asn1.dylib
0x00007fff2da56000 	/System/Library/PrivateFrameworks/CommonAuth.framework/Versions/A/CommonAuth
0x00007fff27606000 	/System/Library/PrivateFrameworks/login.framework/Versions/A/Frameworks/loginsupport.framework/Versions/A/loginsupport
0x00007fff2cfd5000 	/System/Library/PrivateFrameworks/AudioSession.framework/Versions/A/AudioSession
0x00007fff2d03b000 	/usr/lib/libAudioStatistics.dylib
0x00007fff2b40d000 	/System/Library/PrivateFrameworks/MediaExperience.framework/Versions/A/MediaExperience
0x00007fff2ce6e000 	/System/Library/PrivateFrameworks/AudioSession.framework/libSessionUtility.dylib
0x00007fff2d9e6000 	/usr/lib/libperfcheck.dylib
0x00007fff2d385000 	/System/Library/PrivateFrameworks/AudioResourceArbitration.framework/Versions/A/AudioResourceArbitration
0x00007fff2b38b000 	/System/Library/PrivateFrameworks/IconFoundation.framework/Versions/A/IconFoundation
0x00007fff2fe76000 	/System/Library/PrivateFrameworks/SpeechRecognitionCore.framework/Versions/A/SpeechRecognitionCore
0x00007fff5d02e000 	/System/Library/CoreServices/Encodings/libLatin2Converter.dylib
0x000000010b000000 	/Library/Java/JavaVirtualMachines/jdk-11.0.8.jdk/Contents/Home/lib/server/libjvm.dylib
0x000000010613b000 	/Library/Java/JavaVirtualMachines/jdk-11.0.8.jdk/Contents/Home/lib/libverify.dylib
0x000000010614b000 	/Library/Java/JavaVirtualMachines/jdk-11.0.8.jdk/Contents/Home/lib/libjava.dylib
0x0000000106177000 	/Library/Java/JavaVirtualMachines/jdk-11.0.8.jdk/Contents/Home/lib/libjimage.dylib
0x00000001061cb000 	/Library/Java/JavaVirtualMachines/jdk-11.0.8.jdk/Contents/Home/lib/libzip.dylib
0x000000010684f000 	/Library/Java/JavaVirtualMachines/jdk-11.0.8.jdk/Contents/Home/lib/libnio.dylib
0x0000000106861000 	/Library/Java/JavaVirtualMachines/jdk-11.0.8.jdk/Contents/Home/lib/libnet.dylib


VM Arguments:
jvm_args: -Dfile.encoding=UTF-8 
java_command: org.apache.catalina.startup.Tomcat$1
java_class_path (initial): /Users/oskar/Desktop/agh-mwo-enroller-rest/target/classes:/Users/oskar/.m2/repository/org/springframework/boot/spring-boot-starter-web/2.0.0.RELEASE/spring-boot-starter-web-2.0.0.RELEASE.jar:/Users/oskar/.m2/repository/org/springframework/boot/spring-boot-starter/2.0.0.RELEASE/spring-boot-starter-2.0.0.RELEASE.jar:/Users/oskar/.m2/repository/org/springframework/boot/spring-boot-starter-logging/2.0.0.RELEASE/spring-boot-starter-logging-2.0.0.RELEASE.jar:/Users/oskar/.m2/repository/ch/qos/logback/logback-classic/1.2.3/logback-classic-1.2.3.jar:/Users/oskar/.m2/repository/ch/qos/logback/logback-core/1.2.3/logback-core-1.2.3.jar:/Users/oskar/.m2/repository/org/apache/logging/log4j/log4j-to-slf4j/2.10.0/log4j-to-slf4j-2.10.0.jar:/Users/oskar/.m2/repository/org/apache/logging/log4j/log4j-api/2.10.0/log4j-api-2.10.0.jar:/Users/oskar/.m2/repository/org/slf4j/jul-to-slf4j/1.7.25/jul-to-slf4j-1.7.25.jar:/Users/oskar/.m2/repository/javax/annotation/javax.annotation-api/1.3.2/javax.annotation-api-1.3.2.jar:/Users/oskar/.m2/repository/org/yaml/snakeyaml/1.19/snakeyaml-1.19.jar:/Users/oskar/.m2/repository/org/springframework/boot/spring-boot-starter-json/2.0.0.RELEASE/spring-boot-starter-json-2.0.0.RELEASE.jar:/Users/oskar/.m2/repository/com/fasterxml/jackson/datatype/jackson-datatype-jdk8/2.9.4/jackson-datatype-jdk8-2.9.4.jar:/Users/oskar/.m2/repository/com/fasterxml/jackson/datatype/jackson-datatype-jsr310/2.9.4/jackson-datatype-jsr310-2.9.4.jar:/Users/oskar/.m2/repository/com/fasterxml/jackson/module/jackson-module-parameter-names/2.9.4/jackson-module-parameter-names-2.9.4.jar:/Users/oskar/.m2/repository/org/springframework/boot/spring-boot-starter-tomcat/2.0.0.RELEASE/spring-boot-starter-tomcat-2.0.0.RELEASE.jar:/Users/oskar/.m2/repository/org/apache/tomcat/embed/tomcat-embed-core/8.5.28/tomcat-embed-core-8.5.28.jar:/Users/oskar/.m2/repository/org/apache/tomcat/embed/tomcat-embed-el/8.5.28/tomcat-embed-el-8.5.28.jar:/Users/oskar/.m2/repository/org
Launcher Type: SUN_STANDARD

[Global flags]
     intx CICompilerCount                          = 4                                         {product} {ergonomic}
     uint ConcGCThreads                            = 2                                         {product} {ergonomic}
     uint G1ConcRefinementThreads                  = 8                                         {product} {ergonomic}
   size_t G1HeapRegionSize                         = 1048576                                   {product} {ergonomic}
    uintx GCDrainStackTargetSize                   = 64                                        {product} {ergonomic}
   size_t InitialHeapSize                          = 134217728                                 {product} {ergonomic}
   size_t MarkStackSize                            = 4194304                                   {product} {ergonomic}
   size_t MaxHeapSize                              = 2147483648                                {product} {ergonomic}
   size_t MaxNewSize                               = 1287651328                                {product} {ergonomic}
   size_t MinHeapDeltaBytes                        = 1048576                                   {product} {ergonomic}
    uintx NonNMethodCodeHeapSize                   = 5836300                                {pd product} {ergonomic}
    uintx NonProfiledCodeHeapSize                  = 122910970                              {pd product} {ergonomic}
    uintx ProfiledCodeHeapSize                     = 122910970                              {pd product} {ergonomic}
    uintx ReservedCodeCacheSize                    = 251658240                              {pd product} {ergonomic}
     bool SegmentedCodeCache                       = true                                      {product} {ergonomic}
     bool UseCompressedClassPointers               = true                                 {lp64_product} {ergonomic}
     bool UseCompressedOops                        = true                                 {lp64_product} {ergonomic}
     bool UseG1GC                                  = true                                      {product} {ergonomic}

Logging:
Log output configuration:
 #0: stdout all=warning uptime,level,tags
 #1: stderr all=off uptime,level,tags

Environment Variables:
PATH=/usr/bin:/bin:/usr/sbin:/sbin
SHELL=/bin/zsh

Signal Handlers:
SIGSEGV: [libjvm.dylib+0x786954], sa_mask[0]=11111111011111110111111111111111, sa_flags=SA_ONSTACK|SA_RESTART|SA_SIGINFO
SIGBUS: [libjvm.dylib+0x786954], sa_mask[0]=11111111011111110111111111111111, sa_flags=SA_RESTART|SA_SIGINFO
SIGFPE: [libjvm.dylib+0x786954], sa_mask[0]=11111111011111110111111111111111, sa_flags=SA_RESTART|SA_SIGINFO
SIGPIPE: [libjvm.dylib+0x637ecb], sa_mask[0]=11111111011111110111111111111111, sa_flags=SA_RESTART|SA_SIGINFO
SIGXFSZ: [libjvm.dylib+0x637ecb], sa_mask[0]=11111111011111110111111111111111, sa_flags=SA_RESTART|SA_SIGINFO
SIGILL: [libjvm.dylib+0x786954], sa_mask[0]=11111111011111110111111111111111, sa_flags=SA_RESTART|SA_SIGINFO
SIGUSR2: [libjvm.dylib+0x6384b5], sa_mask[0]=00100000000000000000000000000000, sa_flags=SA_RESTART|SA_SIGINFO
SIGHUP: [libjvm.dylib+0x636f13], sa_mask[0]=11111111011111110111111111111111, sa_flags=SA_RESTART|SA_SIGINFO
SIGINT: [libjvm.dylib+0x636f13], sa_mask[0]=11111111011111110111111111111111, sa_flags=SA_RESTART|SA_SIGINFO
SIGTERM: [libjvm.dylib+0x636f13], sa_mask[0]=11111111011111110111111111111111, sa_flags=SA_RESTART|SA_SIGINFO
SIGQUIT: [libjvm.dylib+0x636f13], sa_mask[0]=11111111011111110111111111111111, sa_flags=SA_RESTART|SA_SIGINFO


---------------  S Y S T E M  ---------------

OS:uname:Darwin 20.4.0 Darwin Kernel Version 20.4.0: Thu Apr 22 21:46:47 PDT 2021; root:xnu-7195.101.2~1/RELEASE_X86_64 x86_64
rlimit: STACK 8192k, CORE 0k, NPROC 1392, NOFILE 10240, AS infinity, DATA infinity, FSIZE infinity
load average:2.10 1.82 1.69

CPU:total 8 (initial active 8) (4 cores per cpu, 2 threads per core) family 6 model 142 stepping 10, cmov, cx8, fxsr, mmx, sse, sse2, sse3, ssse3, sse4.1, sse4.2, popcnt, avx, avx2, aes, clmul, erms, 3dnowpref, lzcnt, ht, tsc, tscinvbit, bmi1, bmi2, adx, fma

Memory: 4k page, physical 8388608k(220016k free)

vm_info: Java HotSpot(TM) 64-Bit Server VM (11.0.8+10-LTS) for bsd-amd64 JRE (11.0.8+10-LTS), built on Jun 16 2020 04:52:58 by "mach5one" with gcc 4.2.1 Compatible Apple LLVM 10.0.0 (clang-1000.11.45.5)

END.
